<?xml version="1.0" encoding="UTF-8" ?>
<testsuite tests="2" failures="0" name="clientes.ClienteTest" time="0.016" errors="0" skipped="0">
  <properties>
    <property name="idea.version" value="2022.2.3"/>
    <property name="java.runtime.name" value="OpenJDK Runtime Environment"/>
    <property name="java.vm.version" value="11+28"/>
    <property name="sun.boot.library.path" value="C:\Program Files\Java\jdk-11\bin"/>
    <property name="maven.multiModuleProjectDirectory" value="C:\Users\agusv\Downloads\service-product\FacturacionTelefonicaProject"/>
    <property name="java.vm.vendor" value="Oracle Corporation"/>
    <property name="java.vendor.url" value="http://java.oracle.com/"/>
    <property name="guice.disable.misplaced.annotation.check" value="true"/>
    <property name="path.separator" value=";"/>
    <property name="java.vm.name" value="OpenJDK 64-Bit Server VM"/>
    <property name="sun.os.patch.level" value=""/>
    <property name="user.script" value=""/>
    <property name="user.country" value="AR"/>
    <property name="sun.java.launcher" value="SUN_STANDARD"/>
    <property name="java.vm.specification.name" value="Java Virtual Machine Specification"/>
    <property name="user.dir" value="C:\Users\agusv\Downloads\service-product\FacturacionTelefonicaProject"/>
    <property name="java.vm.compressedOopsMode" value="Zero based"/>
    <property name="java.runtime.version" value="11+28"/>
    <property name="java.awt.graphicsenv" value="sun.awt.Win32GraphicsEnvironment"/>
    <property name="os.arch" value="amd64"/>
    <property name="java.io.tmpdir" value="C:\Users\agusv\AppData\Local\Temp\"/>
    <property name="line.separator" value="
"/>
    <property name="java.vm.specification.vendor" value="Oracle Corporation"/>
    <property name="user.variant" value=""/>
    <property name="os.name" value="Windows 10"/>
    <property name="maven.ext.class.path" value="D:\IntelliJ IDEA Community Edition 2022.2.3\plugins\maven\lib\maven-event-listener.jar"/>
    <property name="classworlds.conf" value="D:\IntelliJ IDEA Community Edition 2022.2.3\plugins\maven\lib\maven3\bin\m2.conf"/>
    <property name="sun.jnu.encoding" value="Cp1252"/>
    <property name="java.library.path" value="C:\Program Files\Java\jdk-11\bin;C:\Windows\Sun\Java\bin;C:\Windows\system32;C:\Windows;C:\Program Files\Microsoft\jdk-11.0.16.101-hotspot\bin;C:\Program Files\Eclipse Adoptium\jdk-8.0.352.8-hotspot\bin;C:\Windows\system32;C:\Windows;C:\Windows\System32\Wbem;C:\Windows\System32\WindowsPowerShell\v1.0\;C:\Windows\System32\OpenSSH\;C:\Program Files\Microsoft\jdk-11.0.16.101-hotspot\\bin;C:\Program Files\Git\cmd;C:\Program Files (x86)\NVIDIA Corporation\PhysX\Common;C:\Program Files\NVIDIA Corporation\NVIDIA NvDLISR;C:\apache-maven-3.8.6\bin;C:\ProgramData\chocolatey\bin;C:\Program Files\nodejs\;C:\Program Files\Go\bin;C:\Users\agusv\go_;C:\Users\agusv\go_\bin;;C:\Program Files\Docker\Docker\resources\bin;C:\Program Files\Microsoft SQL Server\150\Tools\Binn\;C:\Program Files\Microsoft SQL Server\Client SDK\ODBC\170\Tools\Binn\;C:\Program Files\dotnet\;C:\Program Files\Microsoft\jdk-11.0.16.101-hotspot\bin;C:\Program Files\Eclipse Adoptium\jdk-8.0.352.8-hotspot\bin;C:\Python27\;C:\Python27\Scripts;C:\Windows\system32;C:\Windows;C:\Windows\System32\Wbem;C:\Windows\System32\WindowsPowerShell\v1.0\;C:\Windows\System32\OpenSSH\;C:\Program Files\Microsoft\jdk-11.0.16.101-hotspot\\bin;C:\Program Files\Git\cmd;C:\Program Files (x86)\NVIDIA Corporation\PhysX\Common;C:\Program Files\NVIDIA Corporation\NVIDIA NvDLISR;C:\apache-maven-3.8.6\bin;C:\ProgramData\chocolatey\bin;C:\Program Files\nodejs\;C:\Users\agusv\AppData\Local\Android\Sdk\platform-tools;C:\Users\agusv\AppData\Local\Android\Sdk\tools;C:\Users\agusv\AppData\Local\Android\Sdk\platform-tools;C:\Users\agusv\AppData\Local\Android\Sdk\tools;C:\Program Files\MySQL\MySQL Shell 8.0\bin\;C:\Users\agusv\AppData\Local\Microsoft\WindowsApps;C:\Users\agusv\AppData\Local\Programs\Microsoft VS Code\bin;C:\Users\agusv\AppData\Roaming\npm;C:\Users\agusv\go_\bin;C:\Users\agusv\go_;C:\Program Files\Go\bin;C:\Users\agusv\SurrealDB;C:\Users\agusv\.dotnet\tools;C:\Users\agusv\.fly\bin;."/>
    <property name="maven.conf" value="D:\IntelliJ IDEA Community Edition 2022.2.3\plugins\maven\lib\maven3/conf"/>
    <property name="jdk.debug" value="release"/>
    <property name="java.class.version" value="55.0"/>
    <property name="java.specification.name" value="Java Platform API Specification"/>
    <property name="sun.management.compiler" value="HotSpot 64-Bit Tiered Compilers"/>
    <property name="os.version" value="10.0"/>
    <property name="user.home" value="C:\Users\agusv"/>
    <property name="user.timezone" value="America/Buenos_Aires"/>
    <property name="java.awt.printerjob" value="sun.awt.windows.WPrinterJob"/>
    <property name="file.encoding" value="UTF-8"/>
    <property name="java.specification.version" value="11"/>
    <property name="user.name" value="agusv"/>
    <property name="java.class.path" value="D:\IntelliJ IDEA Community Edition 2022.2.3\plugins\maven\lib\maven3\boot\plexus-classworlds-2.6.0.jar;D:\IntelliJ IDEA Community Edition 2022.2.3\plugins\maven\lib\maven3\boot\plexus-classworlds.license"/>
    <property name="java.vm.specification.version" value="11"/>
    <property name="sun.arch.data.model" value="64"/>
    <property name="sun.java.command" value="org.codehaus.classworlds.Launcher -Didea.version=2022.2.3 test"/>
    <property name="java.home" value="C:\Program Files\Java\jdk-11"/>
    <property name="user.language" value="es"/>
    <property name="java.specification.vendor" value="Oracle Corporation"/>
    <property name="awt.toolkit" value="sun.awt.windows.WToolkit"/>
    <property name="java.vm.info" value="mixed mode"/>
    <property name="java.version" value="11"/>
    <property name="java.vendor" value="Oracle Corporation"/>
    <property name="maven.home" value="D:\IntelliJ IDEA Community Edition 2022.2.3\plugins\maven\lib\maven3"/>
    <property name="file.separator" value="\"/>
    <property name="java.version.date" value="2018-09-25"/>
    <property name="java.vendor.url.bug" value="http://bugreport.java.com/bugreport/"/>
    <property name="sun.io.unicode.encoding" value="UnicodeLittle"/>
    <property name="sun.cpu.endian" value="little"/>
    <property name="java.vendor.version" value="18.9"/>
    <property name="sun.desktop" value="windows"/>
    <property name="sun.cpu.isalist" value="amd64"/>
  </properties>
  <testcase classname="clientes.ClienteTest" name="calcularCargo_ConClienteNuevoUnHistorialDeLlamadaRegularNocturnaFinSemana_RetornaPrecioValido" time="0.016"/>
  <testcase classname="clientes.ClienteTest" name="calcularCargo_ConClienteExistenteYUnHistorialDeLlamadaRegularNocturnaFinSemana_RetornaPrecioValido" time="0"/>
</testsuite>